<?xml version="1.0" encoding="UTF-8"?>
<!-- Generated by org.testng.reporters.JUnitReportReporter -->
<testsuite hostname="DESKTOP-OF9IGA7" failures="0" tests="1" name="testCases.TC_002_LoginTest" time="1.043" errors="0" timestamp="2022-11-27T20:19:13 IST" skipped="0">
  <testcase classname="testCases.TC_002_LoginTest" name="test_Login" time="1.043"/>
  <system-out/>
</testsuite> <!-- testCases.TC_002_LoginTest -->
