<?xml version="1.0" encoding="UTF-8"?>
<!-- Generated by org.testng.reporters.JUnitReportReporter -->
<testsuite hostname="DESKTOP-OF9IGA7" failures="0" tests="1" name="testCases.TC_001_AccountRegistrationTest" time="6.094" errors="0" timestamp="2022-11-28T13:49:32 IST" skipped="0">
  <testcase classname="testCases.TC_001_AccountRegistrationTest" name="test_account_Registration" time="6.094"/>
  <system-out/>
</testsuite> <!-- testCases.TC_001_AccountRegistrationTest -->
