<?xml version="1.0" encoding="UTF-8"?>
<!-- Generated by org.testng.reporters.JUnitReportReporter -->
<testsuite hostname="DESKTOP-OF9IGA7" failures="0" tests="5" name="testCases.TC_003_LoginDDT" time="27.270" errors="0" timestamp="2022-11-28T13:49:32 IST" skipped="0">
  <testcase classname="testCases.TC_003_LoginDDT" name="test_LoginDDT" time="6.472"/>
  <system-out/>
  <testcase classname="testCases.TC_003_LoginDDT" name="test_LoginDDT" time="6.170"/>
  <system-out/>
  <testcase classname="testCases.TC_003_LoginDDT" name="test_LoginDDT" time="5.931"/>
  <system-out/>
  <testcase classname="testCases.TC_003_LoginDDT" name="test_LoginDDT" time="2.423"/>
  <system-out/>
  <testcase classname="testCases.TC_003_LoginDDT" name="test_LoginDDT" time="6.274"/>
  <system-out/>
</testsuite> <!-- testCases.TC_003_LoginDDT -->
